  [1m[36mActiveRecord::SchemaMigration Load (0.5ms)[0m  [1mSELECT "schema_migrations".* FROM "schema_migrations"[0m
Migrating to CreateAnimals (20160418233505)
  [1m[35m (0.1ms)[0m  BEGIN
  [1m[36m (9.6ms)[0m  [1mCREATE TABLE "animals" ("id" serial primary key, "species" character varying, "name" character varying, "breed" character varying, "sex" integer, "size" integer, "age" integer, "activity_level" integer, "house_trained" boolean, "spayed_neutered" boolean, "special_needs" boolean, "available" boolean, "created_at" timestamp NOT NULL, "updated_at" timestamp NOT NULL) [0m
  [1m[35mSQL (0.2ms)[0m  INSERT INTO "schema_migrations" ("version") VALUES ($1)  [["version", "20160418233505"]]
  [1m[36m (6.1ms)[0m  [1mCOMMIT[0m
  [1m[35mActiveRecord::SchemaMigration Load (0.2ms)[0m  SELECT "schema_migrations".* FROM "schema_migrations"
  [1m[36m (1.9ms)[0m  [1mSELECT t2.oid::regclass::text AS to_table, a1.attname AS column, a2.attname AS primary_key, c.conname AS name, c.confupdtype AS on_update, c.confdeltype AS on_delete
FROM pg_constraint c
JOIN pg_class t1 ON c.conrelid = t1.oid
JOIN pg_class t2 ON c.confrelid = t2.oid
JOIN pg_attribute a1 ON a1.attnum = c.conkey[1] AND a1.attrelid = t1.oid
JOIN pg_attribute a2 ON a2.attnum = c.confkey[1] AND a2.attrelid = t2.oid
JOIN pg_namespace t3 ON c.connamespace = t3.oid
WHERE c.contype = 'f'
  AND t1.relname = 'animals'
  AND t3.nspname = ANY (current_schemas(false))
ORDER BY c.conname
[0m
  [1m[35m (1.4ms)[0m  SELECT t2.oid::regclass::text AS to_table, a1.attname AS column, a2.attname AS primary_key, c.conname AS name, c.confupdtype AS on_update, c.confdeltype AS on_delete
FROM pg_constraint c
JOIN pg_class t1 ON c.conrelid = t1.oid
JOIN pg_class t2 ON c.confrelid = t2.oid
JOIN pg_attribute a1 ON a1.attnum = c.conkey[1] AND a1.attrelid = t1.oid
JOIN pg_attribute a2 ON a2.attnum = c.confkey[1] AND a2.attrelid = t2.oid
JOIN pg_namespace t3 ON c.connamespace = t3.oid
WHERE c.contype = 'f'
  AND t1.relname = 'categories'
  AND t3.nspname = ANY (current_schemas(false))
ORDER BY c.conname

  [1m[36m (1.4ms)[0m  [1mSELECT t2.oid::regclass::text AS to_table, a1.attname AS column, a2.attname AS primary_key, c.conname AS name, c.confupdtype AS on_update, c.confdeltype AS on_delete
FROM pg_constraint c
JOIN pg_class t1 ON c.conrelid = t1.oid
JOIN pg_class t2 ON c.confrelid = t2.oid
JOIN pg_attribute a1 ON a1.attnum = c.conkey[1] AND a1.attrelid = t1.oid
JOIN pg_attribute a2 ON a2.attnum = c.confkey[1] AND a2.attrelid = t2.oid
JOIN pg_namespace t3 ON c.connamespace = t3.oid
WHERE c.contype = 'f'
  AND t1.relname = 'favorites'
  AND t3.nspname = ANY (current_schemas(false))
ORDER BY c.conname
[0m
  [1m[35m (1.5ms)[0m  SELECT t2.oid::regclass::text AS to_table, a1.attname AS column, a2.attname AS primary_key, c.conname AS name, c.confupdtype AS on_update, c.confdeltype AS on_delete
FROM pg_constraint c
JOIN pg_class t1 ON c.conrelid = t1.oid
JOIN pg_class t2 ON c.confrelid = t2.oid
JOIN pg_attribute a1 ON a1.attnum = c.conkey[1] AND a1.attrelid = t1.oid
JOIN pg_attribute a2 ON a2.attnum = c.confkey[1] AND a2.attrelid = t2.oid
JOIN pg_namespace t3 ON c.connamespace = t3.oid
WHERE c.contype = 'f'
  AND t1.relname = 'gifs'
  AND t3.nspname = ANY (current_schemas(false))
ORDER BY c.conname

  [1m[36m (1.5ms)[0m  [1mSELECT t2.oid::regclass::text AS to_table, a1.attname AS column, a2.attname AS primary_key, c.conname AS name, c.confupdtype AS on_update, c.confdeltype AS on_delete
FROM pg_constraint c
JOIN pg_class t1 ON c.conrelid = t1.oid
JOIN pg_class t2 ON c.confrelid = t2.oid
JOIN pg_attribute a1 ON a1.attnum = c.conkey[1] AND a1.attrelid = t1.oid
JOIN pg_attribute a2 ON a2.attnum = c.confkey[1] AND a2.attrelid = t2.oid
JOIN pg_namespace t3 ON c.connamespace = t3.oid
WHERE c.contype = 'f'
  AND t1.relname = 'users'
  AND t3.nspname = ANY (current_schemas(false))
ORDER BY c.conname
[0m
  [1m[36m (2.4ms)[0m  [1mCREATE TABLE "schema_migrations" ("version" character varying NOT NULL) [0m
  [1m[35m (0.8ms)[0m  CREATE UNIQUE INDEX  "unique_schema_migrations" ON "schema_migrations"  ("version")
  [1m[36mActiveRecord::SchemaMigration Load (0.3ms)[0m  [1mSELECT "schema_migrations".* FROM "schema_migrations"[0m
Migrating to CreateAnimals (20160418233505)
  [1m[35m (0.1ms)[0m  BEGIN
  [1m[36m (3.7ms)[0m  [1mCREATE TABLE "animals" ("id" serial primary key, "species" character varying, "name" character varying, "breed" character varying, "sex" integer, "size" integer, "age" integer, "activity_level" integer, "house_trained" boolean, "spayed_neutered" boolean, "special_needs" boolean, "available" boolean, "created_at" timestamp NOT NULL, "updated_at" timestamp NOT NULL) [0m
  [1m[35mSQL (0.2ms)[0m  INSERT INTO "schema_migrations" ("version") VALUES ($1)  [["version", "20160418233505"]]
  [1m[36m (0.3ms)[0m  [1mCOMMIT[0m
  [1m[35mActiveRecord::SchemaMigration Load (0.2ms)[0m  SELECT "schema_migrations".* FROM "schema_migrations"
  [1m[36m (1.9ms)[0m  [1mSELECT t2.oid::regclass::text AS to_table, a1.attname AS column, a2.attname AS primary_key, c.conname AS name, c.confupdtype AS on_update, c.confdeltype AS on_delete
FROM pg_constraint c
JOIN pg_class t1 ON c.conrelid = t1.oid
JOIN pg_class t2 ON c.confrelid = t2.oid
JOIN pg_attribute a1 ON a1.attnum = c.conkey[1] AND a1.attrelid = t1.oid
JOIN pg_attribute a2 ON a2.attnum = c.confkey[1] AND a2.attrelid = t2.oid
JOIN pg_namespace t3 ON c.connamespace = t3.oid
WHERE c.contype = 'f'
  AND t1.relname = 'animals'
  AND t3.nspname = ANY (current_schemas(false))
ORDER BY c.conname
[0m
  [1m[36mActiveRecord::SchemaMigration Load (0.3ms)[0m  [1mSELECT "schema_migrations".* FROM "schema_migrations"[0m
Migrating to AddImagePathColumntoAnimal (20160418234905)
  [1m[35m (0.2ms)[0m  BEGIN
  [1m[36m (0.5ms)[0m  [1mALTER TABLE "animals" ADD "image_path" text[0m
  [1m[35mSQL (0.1ms)[0m  INSERT INTO "schema_migrations" ("version") VALUES ($1)  [["version", "20160418234905"]]
  [1m[36m (47.0ms)[0m  [1mCOMMIT[0m
  [1m[35mActiveRecord::SchemaMigration Load (0.2ms)[0m  SELECT "schema_migrations".* FROM "schema_migrations"
  [1m[36m (2.9ms)[0m  [1mSELECT t2.oid::regclass::text AS to_table, a1.attname AS column, a2.attname AS primary_key, c.conname AS name, c.confupdtype AS on_update, c.confdeltype AS on_delete
FROM pg_constraint c
JOIN pg_class t1 ON c.conrelid = t1.oid
JOIN pg_class t2 ON c.confrelid = t2.oid
JOIN pg_attribute a1 ON a1.attnum = c.conkey[1] AND a1.attrelid = t1.oid
JOIN pg_attribute a2 ON a2.attnum = c.confkey[1] AND a2.attrelid = t2.oid
JOIN pg_namespace t3 ON c.connamespace = t3.oid
WHERE c.contype = 'f'
  AND t1.relname = 'animals'
  AND t3.nspname = ANY (current_schemas(false))
ORDER BY c.conname
[0m
  [1m[36mActiveRecord::SchemaMigration Load (0.3ms)[0m  [1mSELECT "schema_migrations".* FROM "schema_migrations"[0m
Migrating to CreateAccessories (20160419003101)
  [1m[35m (0.1ms)[0m  BEGIN
  [1m[36m (6.5ms)[0m  [1mCREATE TABLE "accessories" ("id" serial primary key, "category" integer, "species" character varying, "description" text, "name" character varying, "created_at" timestamp NOT NULL, "updated_at" timestamp NOT NULL) [0m
  [1m[35mSQL (0.2ms)[0m  INSERT INTO "schema_migrations" ("version") VALUES ($1)  [["version", "20160419003101"]]
  [1m[36m (0.5ms)[0m  [1mCOMMIT[0m
  [1m[35mActiveRecord::SchemaMigration Load (0.2ms)[0m  SELECT "schema_migrations".* FROM "schema_migrations"
  [1m[36m (1.9ms)[0m  [1mSELECT t2.oid::regclass::text AS to_table, a1.attname AS column, a2.attname AS primary_key, c.conname AS name, c.confupdtype AS on_update, c.confdeltype AS on_delete
FROM pg_constraint c
JOIN pg_class t1 ON c.conrelid = t1.oid
JOIN pg_class t2 ON c.confrelid = t2.oid
JOIN pg_attribute a1 ON a1.attnum = c.conkey[1] AND a1.attrelid = t1.oid
JOIN pg_attribute a2 ON a2.attnum = c.confkey[1] AND a2.attrelid = t2.oid
JOIN pg_namespace t3 ON c.connamespace = t3.oid
WHERE c.contype = 'f'
  AND t1.relname = 'accessories'
  AND t3.nspname = ANY (current_schemas(false))
ORDER BY c.conname
[0m
  [1m[35m (1.8ms)[0m  SELECT t2.oid::regclass::text AS to_table, a1.attname AS column, a2.attname AS primary_key, c.conname AS name, c.confupdtype AS on_update, c.confdeltype AS on_delete
FROM pg_constraint c
JOIN pg_class t1 ON c.conrelid = t1.oid
JOIN pg_class t2 ON c.confrelid = t2.oid
JOIN pg_attribute a1 ON a1.attnum = c.conkey[1] AND a1.attrelid = t1.oid
JOIN pg_attribute a2 ON a2.attnum = c.confkey[1] AND a2.attrelid = t2.oid
JOIN pg_namespace t3 ON c.connamespace = t3.oid
WHERE c.contype = 'f'
  AND t1.relname = 'animals'
  AND t3.nspname = ANY (current_schemas(false))
ORDER BY c.conname

  [1m[36mActiveRecord::SchemaMigration Load (0.3ms)[0m  [1mSELECT "schema_migrations".* FROM "schema_migrations"[0m
Migrating to AddColumnToAnimal (20160419003231)
  [1m[35m (0.1ms)[0m  BEGIN
  [1m[36m (0.9ms)[0m  [1mALTER TABLE "animals" ADD "description" text[0m
  [1m[35mSQL (0.2ms)[0m  INSERT INTO "schema_migrations" ("version") VALUES ($1)  [["version", "20160419003231"]]
  [1m[36m (2.3ms)[0m  [1mCOMMIT[0m
  [1m[35mActiveRecord::SchemaMigration Load (0.1ms)[0m  SELECT "schema_migrations".* FROM "schema_migrations"
  [1m[36m (1.9ms)[0m  [1mSELECT t2.oid::regclass::text AS to_table, a1.attname AS column, a2.attname AS primary_key, c.conname AS name, c.confupdtype AS on_update, c.confdeltype AS on_delete
FROM pg_constraint c
JOIN pg_class t1 ON c.conrelid = t1.oid
JOIN pg_class t2 ON c.confrelid = t2.oid
JOIN pg_attribute a1 ON a1.attnum = c.conkey[1] AND a1.attrelid = t1.oid
JOIN pg_attribute a2 ON a2.attnum = c.confkey[1] AND a2.attrelid = t2.oid
JOIN pg_namespace t3 ON c.connamespace = t3.oid
WHERE c.contype = 'f'
  AND t1.relname = 'accessories'
  AND t3.nspname = ANY (current_schemas(false))
ORDER BY c.conname
[0m
  [1m[35m (1.4ms)[0m  SELECT t2.oid::regclass::text AS to_table, a1.attname AS column, a2.attname AS primary_key, c.conname AS name, c.confupdtype AS on_update, c.confdeltype AS on_delete
FROM pg_constraint c
JOIN pg_class t1 ON c.conrelid = t1.oid
JOIN pg_class t2 ON c.confrelid = t2.oid
JOIN pg_attribute a1 ON a1.attnum = c.conkey[1] AND a1.attrelid = t1.oid
JOIN pg_attribute a2 ON a2.attnum = c.confkey[1] AND a2.attrelid = t2.oid
JOIN pg_namespace t3 ON c.connamespace = t3.oid
WHERE c.contype = 'f'
  AND t1.relname = 'animals'
  AND t3.nspname = ANY (current_schemas(false))
ORDER BY c.conname

  [1m[36m (20.2ms)[0m  [1mCREATE TABLE "schema_migrations" ("version" character varying NOT NULL) [0m
  [1m[35m (11.7ms)[0m  CREATE UNIQUE INDEX  "unique_schema_migrations" ON "schema_migrations"  ("version")
  [1m[36mActiveRecord::SchemaMigration Load (0.4ms)[0m  [1mSELECT "schema_migrations".* FROM "schema_migrations"[0m
Migrating to CreateAnimals (20160418233505)
  [1m[35m (0.1ms)[0m  BEGIN
  [1m[36m (15.0ms)[0m  [1mCREATE TABLE "animals" ("id" serial primary key, "species" character varying, "name" character varying, "breed" character varying, "sex" integer, "size" integer, "age" integer, "activity_level" integer, "house_trained" boolean, "spayed_neutered" boolean, "special_needs" boolean, "available" boolean, "created_at" timestamp NOT NULL, "updated_at" timestamp NOT NULL) [0m
  [1m[35mSQL (0.2ms)[0m  INSERT INTO "schema_migrations" ("version") VALUES ($1)  [["version", "20160418233505"]]
  [1m[36m (5.5ms)[0m  [1mCOMMIT[0m
Migrating to AddImagePathColumntoAnimal (20160418234905)
  [1m[35m (5.6ms)[0m  BEGIN
  [1m[36m (0.4ms)[0m  [1mALTER TABLE "animals" ADD "image_path" text[0m
  [1m[35mSQL (0.2ms)[0m  INSERT INTO "schema_migrations" ("version") VALUES ($1)  [["version", "20160418234905"]]
  [1m[36m (6.0ms)[0m  [1mCOMMIT[0m
Migrating to CreateAccessories (20160419003101)
  [1m[35m (0.1ms)[0m  BEGIN
  [1m[36m (19.1ms)[0m  [1mCREATE TABLE "accessories" ("id" serial primary key, "category" integer, "species" character varying, "description" text, "name" character varying, "created_at" timestamp NOT NULL, "updated_at" timestamp NOT NULL) [0m
  [1m[35mSQL (0.1ms)[0m  INSERT INTO "schema_migrations" ("version") VALUES ($1)  [["version", "20160419003101"]]
  [1m[36m (4.6ms)[0m  [1mCOMMIT[0m
Migrating to AddColumnToAnimal (20160419003231)
  [1m[35m (6.2ms)[0m  BEGIN
  [1m[36m (0.3ms)[0m  [1mALTER TABLE "animals" ADD "description" text[0m
  [1m[35mSQL (0.1ms)[0m  INSERT INTO "schema_migrations" ("version") VALUES ($1)  [["version", "20160419003231"]]
  [1m[36m (11.2ms)[0m  [1mCOMMIT[0m
  [1m[35mActiveRecord::SchemaMigration Load (0.2ms)[0m  SELECT "schema_migrations".* FROM "schema_migrations"
  [1m[36m (3.0ms)[0m  [1mSELECT t2.oid::regclass::text AS to_table, a1.attname AS column, a2.attname AS primary_key, c.conname AS name, c.confupdtype AS on_update, c.confdeltype AS on_delete
FROM pg_constraint c
JOIN pg_class t1 ON c.conrelid = t1.oid
JOIN pg_class t2 ON c.confrelid = t2.oid
JOIN pg_attribute a1 ON a1.attnum = c.conkey[1] AND a1.attrelid = t1.oid
JOIN pg_attribute a2 ON a2.attnum = c.confkey[1] AND a2.attrelid = t2.oid
JOIN pg_namespace t3 ON c.connamespace = t3.oid
WHERE c.contype = 'f'
  AND t1.relname = 'accessories'
  AND t3.nspname = ANY (current_schemas(false))
ORDER BY c.conname
[0m
  [1m[35m (1.6ms)[0m  SELECT t2.oid::regclass::text AS to_table, a1.attname AS column, a2.attname AS primary_key, c.conname AS name, c.confupdtype AS on_update, c.confdeltype AS on_delete
FROM pg_constraint c
JOIN pg_class t1 ON c.conrelid = t1.oid
JOIN pg_class t2 ON c.confrelid = t2.oid
JOIN pg_attribute a1 ON a1.attnum = c.conkey[1] AND a1.attrelid = t1.oid
JOIN pg_attribute a2 ON a2.attnum = c.confkey[1] AND a2.attrelid = t2.oid
JOIN pg_namespace t3 ON c.connamespace = t3.oid
WHERE c.contype = 'f'
  AND t1.relname = 'animals'
  AND t3.nspname = ANY (current_schemas(false))
ORDER BY c.conname



Started GET "/" for ::1 at 2016-04-18 20:15:07 -0600
  [1m[36mActiveRecord::SchemaMigration Load (0.3ms)[0m  [1mSELECT "schema_migrations".* FROM "schema_migrations"[0m
Processing by Rails::WelcomeController#index as HTML
  Rendered /Users/drew/.rvm/gems/ruby-2.2.4/gems/railties-4.2.6/lib/rails/templates/rails/welcome/index.html.erb (1.8ms)
Completed 200 OK in 12ms (Views: 11.6ms | ActiveRecord: 0.0ms)


Started GET "/animals" for ::1 at 2016-04-18 20:15:14 -0600
Processing by AnimalsController#index as HTML
  [1m[35mAnimal Load (0.7ms)[0m  SELECT "animals".* FROM "animals"
  Rendered animals/index.html.erb within layouts/application (3.5ms)
Completed 200 OK in 348ms (Views: 337.3ms | ActiveRecord: 1.4ms)


Started GET "/animals" for ::1 at 2016-04-18 20:16:33 -0600
Processing by AnimalsController#index as HTML
  [1m[36mAnimal Load (0.2ms)[0m  [1mSELECT "animals".* FROM "animals"[0m
  Rendered animals/index.html.erb within layouts/application (1.1ms)
Completed 200 OK in 10ms (Views: 9.0ms | ActiveRecord: 0.2ms)


Started GET "/assets/application.self-e80e8f2318043e8af94dddc2adad5a4f09739a8ebb323b3ab31cd71d45fd9113.css?body=1" for ::1 at 2016-04-18 20:16:33 -0600


Started GET "/assets/jquery.self-660adc51e0224b731d29f575a6f1ec167ba08ad06ed5deca4f1e8654c135bf4c.js?body=1" for ::1 at 2016-04-18 20:16:33 -0600


Started GET "/assets/jquery_ujs.self-e87806d0cf4489aeb1bb7288016024e8de67fd18db693fe026fe3907581e53cd.js?body=1" for ::1 at 2016-04-18 20:16:33 -0600


Started GET "/assets/application.self-377610cd7c1509e934744c810e3b4cf672dfbcacac3274e7d039827e2ae0fcc7.js?body=1" for ::1 at 2016-04-18 20:16:33 -0600


Started GET "/animals" for ::1 at 2016-04-18 20:16:35 -0600
Processing by AnimalsController#index as HTML
  [1m[35mAnimal Load (0.2ms)[0m  SELECT "animals".* FROM "animals"
  Rendered animals/index.html.erb within layouts/application (0.7ms)
Completed 200 OK in 10ms (Views: 9.5ms | ActiveRecord: 0.2ms)


Started GET "/assets/application.self-e80e8f2318043e8af94dddc2adad5a4f09739a8ebb323b3ab31cd71d45fd9113.css?body=1" for ::1 at 2016-04-18 20:16:35 -0600


Started GET "/assets/jquery_ujs.self-e87806d0cf4489aeb1bb7288016024e8de67fd18db693fe026fe3907581e53cd.js?body=1" for ::1 at 2016-04-18 20:16:35 -0600


Started GET "/assets/jquery.self-660adc51e0224b731d29f575a6f1ec167ba08ad06ed5deca4f1e8654c135bf4c.js?body=1" for ::1 at 2016-04-18 20:16:35 -0600


Started GET "/assets/application.self-377610cd7c1509e934744c810e3b4cf672dfbcacac3274e7d039827e2ae0fcc7.js?body=1" for ::1 at 2016-04-18 20:16:35 -0600


Started GET "/animals" for ::1 at 2016-04-18 20:16:35 -0600
Processing by AnimalsController#index as HTML
  [1m[36mAnimal Load (0.2ms)[0m  [1mSELECT "animals".* FROM "animals"[0m
  Rendered animals/index.html.erb within layouts/application (0.6ms)
Completed 200 OK in 19ms (Views: 17.9ms | ActiveRecord: 0.2ms)


Started GET "/assets/jquery.self-660adc51e0224b731d29f575a6f1ec167ba08ad06ed5deca4f1e8654c135bf4c.js?body=1" for ::1 at 2016-04-18 20:16:35 -0600


Started GET "/assets/application.self-e80e8f2318043e8af94dddc2adad5a4f09739a8ebb323b3ab31cd71d45fd9113.css?body=1" for ::1 at 2016-04-18 20:16:35 -0600


Started GET "/assets/jquery_ujs.self-e87806d0cf4489aeb1bb7288016024e8de67fd18db693fe026fe3907581e53cd.js?body=1" for ::1 at 2016-04-18 20:16:35 -0600


Started GET "/assets/application.self-377610cd7c1509e934744c810e3b4cf672dfbcacac3274e7d039827e2ae0fcc7.js?body=1" for ::1 at 2016-04-18 20:16:35 -0600
  [1m[36m (0.1ms)[0m  [1mBEGIN[0m
  [1m[35mSQL (3.9ms)[0m  INSERT INTO "accessories" ("category", "species", "description", "name", "created_at", "updated_at") VALUES ($1, $2, $3, $4, $5, $6) RETURNING "id"  [["category", 1], ["species", "dog"], ["description", "The most awesome accessory"], ["name", "Awesome Accessory"], ["created_at", "2016-04-19 02:17:29.611277"], ["updated_at", "2016-04-19 02:17:29.611277"]]
  [1m[36m (0.3ms)[0m  [1mCOMMIT[0m
  [1m[35m (0.1ms)[0m  BEGIN
  [1m[36mSQL (1.2ms)[0m  [1mINSERT INTO "animals" ("species", "name", "breed", "sex", "activity_level", "house_trained", "spayed_neutered", "available", "size", "special_needs", "age", "image_path", "created_at", "updated_at") VALUES ($1, $2, $3, $4, $5, $6, $7, $8, $9, $10, $11, $12, $13, $14) RETURNING "id"[0m  [["species", "cat"], ["name", "Paul"], ["breed", "siamese"], ["sex", 0], ["activity_level", 0], ["house_trained", "t"], ["spayed_neutered", "t"], ["available", "t"], ["size", 3], ["special_needs", "f"], ["age", 1], ["image_path", "http://media4.giphy.com/media/5lAtcHWPAYFdS/giphy.gif"], ["created_at", "2016-04-19 02:17:39.258334"], ["updated_at", "2016-04-19 02:17:39.258334"]]
  [1m[35m (1.1ms)[0m  COMMIT
  [1m[36m (0.1ms)[0m  [1mBEGIN[0m
  [1m[35mSQL (0.2ms)[0m  INSERT INTO "animals" ("species", "name", "breed", "sex", "activity_level", "house_trained", "spayed_neutered", "available", "size", "special_needs", "age", "image_path", "created_at", "updated_at") VALUES ($1, $2, $3, $4, $5, $6, $7, $8, $9, $10, $11, $12, $13, $14) RETURNING "id"  [["species", "dog"], ["name", "Ziba"], ["breed", "lab"], ["sex", 0], ["activity_level", 0], ["house_trained", "t"], ["spayed_neutered", "t"], ["available", "t"], ["size", 3], ["special_needs", "f"], ["age", 1], ["image_path", "http://media4.giphy.com/media/5lAtcHWPAYFdS/giphy.gif"], ["created_at", "2016-04-19 02:17:46.468832"], ["updated_at", "2016-04-19 02:17:46.468832"]]
  [1m[36m (2.2ms)[0m  [1mCOMMIT[0m


Started GET "/animals" for ::1 at 2016-04-18 20:17:51 -0600
Processing by AnimalsController#index as HTML
  [1m[35mAnimal Load (0.2ms)[0m  SELECT "animals".* FROM "animals"
  Rendered animals/index.html.erb within layouts/application (19.8ms)
Completed 200 OK in 29ms (Views: 26.4ms | ActiveRecord: 1.7ms)


Started GET "/assets/application.self-e80e8f2318043e8af94dddc2adad5a4f09739a8ebb323b3ab31cd71d45fd9113.css?body=1" for ::1 at 2016-04-18 20:17:51 -0600


Started GET "/assets/jquery.self-660adc51e0224b731d29f575a6f1ec167ba08ad06ed5deca4f1e8654c135bf4c.js?body=1" for ::1 at 2016-04-18 20:17:51 -0600


Started GET "/assets/jquery_ujs.self-e87806d0cf4489aeb1bb7288016024e8de67fd18db693fe026fe3907581e53cd.js?body=1" for ::1 at 2016-04-18 20:17:51 -0600


Started GET "/assets/application.self-377610cd7c1509e934744c810e3b4cf672dfbcacac3274e7d039827e2ae0fcc7.js?body=1" for ::1 at 2016-04-18 20:17:51 -0600


Started POST "/cart_animals?animal_id=1" for ::1 at 2016-04-18 20:17:56 -0600
Processing by CartAnimalsController#create as HTML
  Parameters: {"authenticity_token"=>"LrlKadr6X03IIHscPFp4upoz73THEiSqzHWhJXIHSc6M6Mzxf0QfuP/nQLDC2T5mm7VJa7n5cNM0mIPnzeViVw==", "animal_id"=>"1"}
  [1m[36mAnimal Load (0.3ms)[0m  [1mSELECT  "animals".* FROM "animals" WHERE "animals"."id" = $1 LIMIT 1[0m  [["id", 1]]
Completed 500 Internal Server Error in 13ms (ActiveRecord: 0.4ms)

NameError (undefined local variable or method `root_path' for #<CartAnimalsController:0x007fe1c35a4978>):
  app/controllers/cart_animals_controller.rb:12:in `create'


  Rendered /Users/drew/.rvm/gems/ruby-2.2.4/gems/actionpack-4.2.6/lib/action_dispatch/middleware/templates/rescues/_source.erb (5.4ms)
  Rendered /Users/drew/.rvm/gems/ruby-2.2.4/gems/actionpack-4.2.6/lib/action_dispatch/middleware/templates/rescues/_trace.html.erb (2.3ms)
  Rendered /Users/drew/.rvm/gems/ruby-2.2.4/gems/actionpack-4.2.6/lib/action_dispatch/middleware/templates/rescues/_request_and_response.html.erb (1.5ms)
  Rendered /Users/drew/.rvm/gems/ruby-2.2.4/gems/actionpack-4.2.6/lib/action_dispatch/middleware/templates/rescues/diagnostics.html.erb within rescues/layout (57.0ms)
  Rendered /Users/drew/.rvm/gems/ruby-2.2.4/gems/web-console-2.3.0/lib/web_console/templates/_markup.html.erb (0.7ms)
  Rendered /Users/drew/.rvm/gems/ruby-2.2.4/gems/web-console-2.3.0/lib/web_console/templates/_inner_console_markup.html.erb within layouts/inlined_string (0.4ms)
  Rendered /Users/drew/.rvm/gems/ruby-2.2.4/gems/web-console-2.3.0/lib/web_console/templates/_prompt_box_markup.html.erb within layouts/inlined_string (0.6ms)
  Rendered /Users/drew/.rvm/gems/ruby-2.2.4/gems/web-console-2.3.0/lib/web_console/templates/style.css.erb within layouts/inlined_string (0.3ms)
  Rendered /Users/drew/.rvm/gems/ruby-2.2.4/gems/web-console-2.3.0/lib/web_console/templates/console.js.erb within layouts/javascript (47.3ms)
  Rendered /Users/drew/.rvm/gems/ruby-2.2.4/gems/web-console-2.3.0/lib/web_console/templates/main.js.erb within layouts/javascript (0.3ms)
  Rendered /Users/drew/.rvm/gems/ruby-2.2.4/gems/web-console-2.3.0/lib/web_console/templates/error_page.js.erb within layouts/javascript (0.4ms)
  Rendered /Users/drew/.rvm/gems/ruby-2.2.4/gems/web-console-2.3.0/lib/web_console/templates/index.html.erb (104.5ms)


Started POST "/cart_animals?animal_id=1" for ::1 at 2016-04-18 20:18:47 -0600
Processing by CartAnimalsController#create as HTML
  Parameters: {"authenticity_token"=>"LrlKadr6X03IIHscPFp4upoz73THEiSqzHWhJXIHSc6M6Mzxf0QfuP/nQLDC2T5mm7VJa7n5cNM0mIPnzeViVw==", "animal_id"=>"1"}
  [1m[35mAnimal Load (0.2ms)[0m  SELECT  "animals".* FROM "animals" WHERE "animals"."id" = $1 LIMIT 1  [["id", 1]]
Redirected to http://localhost:3000/
Completed 302 Found in 11ms (ActiveRecord: 1.5ms)


Started GET "/" for ::1 at 2016-04-18 20:18:47 -0600
Processing by AnimalsController#index as HTML
  [1m[36mAnimal Load (0.3ms)[0m  [1mSELECT "animals".* FROM "animals"[0m
  Rendered animals/index.html.erb within layouts/application (1.4ms)
Completed 500 Internal Server Error in 13ms (ActiveRecord: 0.3ms)

ActionView::Template::Error (undefined method `values' for nil:NilClass):
     7:   <%= csrf_meta_tags %>
     8: </head>
     9: <body>
    10:   Cart: <%= @cart.total %>
    11:   <% flash.each do |type, message| %>
    12:     <%= content_tag :div, message, class: "flash_#{type}" %>
    13:   <% end %>
  app/models/cart.rb:20:in `total'
  app/views/layouts/application.html.erb:10:in `_app_views_layouts_application_html_erb__4090667934790746192_70303738994220'


  Rendered /Users/drew/.rvm/gems/ruby-2.2.4/gems/actionpack-4.2.6/lib/action_dispatch/middleware/templates/rescues/_source.erb (4.6ms)
  Rendered /Users/drew/.rvm/gems/ruby-2.2.4/gems/actionpack-4.2.6/lib/action_dispatch/middleware/templates/rescues/_trace.html.erb (2.6ms)
  Rendered /Users/drew/.rvm/gems/ruby-2.2.4/gems/actionpack-4.2.6/lib/action_dispatch/middleware/templates/rescues/_request_and_response.html.erb (0.8ms)
  Rendered /Users/drew/.rvm/gems/ruby-2.2.4/gems/actionpack-4.2.6/lib/action_dispatch/middleware/templates/rescues/template_error.html.erb within rescues/layout (43.7ms)
  Rendered /Users/drew/.rvm/gems/ruby-2.2.4/gems/web-console-2.3.0/lib/web_console/templates/_markup.html.erb (0.4ms)
  Rendered /Users/drew/.rvm/gems/ruby-2.2.4/gems/web-console-2.3.0/lib/web_console/templates/_inner_console_markup.html.erb within layouts/inlined_string (0.3ms)
  Rendered /Users/drew/.rvm/gems/ruby-2.2.4/gems/web-console-2.3.0/lib/web_console/templates/_prompt_box_markup.html.erb within layouts/inlined_string (0.2ms)
  Rendered /Users/drew/.rvm/gems/ruby-2.2.4/gems/web-console-2.3.0/lib/web_console/templates/style.css.erb within layouts/inlined_string (0.3ms)
  Rendered /Users/drew/.rvm/gems/ruby-2.2.4/gems/web-console-2.3.0/lib/web_console/templates/console.js.erb within layouts/javascript (35.6ms)
  Rendered /Users/drew/.rvm/gems/ruby-2.2.4/gems/web-console-2.3.0/lib/web_console/templates/main.js.erb within layouts/javascript (0.3ms)
  Rendered /Users/drew/.rvm/gems/ruby-2.2.4/gems/web-console-2.3.0/lib/web_console/templates/error_page.js.erb within layouts/javascript (0.4ms)
  Rendered /Users/drew/.rvm/gems/ruby-2.2.4/gems/web-console-2.3.0/lib/web_console/templates/index.html.erb (81.0ms)


Started POST "/cart_animals?animal_id=1" for ::1 at 2016-04-18 20:19:25 -0600
Processing by CartAnimalsController#create as HTML
  Parameters: {"authenticity_token"=>"LrlKadr6X03IIHscPFp4upoz73THEiSqzHWhJXIHSc6M6Mzxf0QfuP/nQLDC2T5mm7VJa7n5cNM0mIPnzeViVw==", "animal_id"=>"1"}
  [1m[35mAnimal Load (0.2ms)[0m  SELECT  "animals".* FROM "animals" WHERE "animals"."id" = $1 LIMIT 1  [["id", 1]]
Completed 500 Internal Server Error in 109060ms (ActiveRecord: 1.7ms)

SystemExit (exit):
  app/controllers/cart_animals_controller.rb:7:in `create'


  Rendered /Users/drew/.rvm/gems/ruby-2.2.4/gems/actionpack-4.2.6/lib/action_dispatch/middleware/templates/rescues/_source.erb (242.2ms)
  Rendered /Users/drew/.rvm/gems/ruby-2.2.4/gems/actionpack-4.2.6/lib/action_dispatch/middleware/templates/rescues/_trace.html.erb (65.7ms)
  Rendered /Users/drew/.rvm/gems/ruby-2.2.4/gems/actionpack-4.2.6/lib/action_dispatch/middleware/templates/rescues/_request_and_response.html.erb (4.5ms)
  Rendered /Users/drew/.rvm/gems/ruby-2.2.4/gems/actionpack-4.2.6/lib/action_dispatch/middleware/templates/rescues/diagnostics.html.erb within rescues/layout (361.6ms)
  Rendered /Users/drew/.rvm/gems/ruby-2.2.4/gems/web-console-2.3.0/lib/web_console/templates/_markup.html.erb (1.9ms)
  Rendered /Users/drew/.rvm/gems/ruby-2.2.4/gems/web-console-2.3.0/lib/web_console/templates/_inner_console_markup.html.erb within layouts/inlined_string (1.4ms)
  Rendered /Users/drew/.rvm/gems/ruby-2.2.4/gems/web-console-2.3.0/lib/web_console/templates/_prompt_box_markup.html.erb within layouts/inlined_string (1.4ms)
  Rendered /Users/drew/.rvm/gems/ruby-2.2.4/gems/web-console-2.3.0/lib/web_console/templates/style.css.erb within layouts/inlined_string (1.3ms)
  Rendered /Users/drew/.rvm/gems/ruby-2.2.4/gems/web-console-2.3.0/lib/web_console/templates/console.js.erb within layouts/javascript (79.3ms)
  Rendered /Users/drew/.rvm/gems/ruby-2.2.4/gems/web-console-2.3.0/lib/web_console/templates/main.js.erb within layouts/javascript (1.7ms)
  Rendered /Users/drew/.rvm/gems/ruby-2.2.4/gems/web-console-2.3.0/lib/web_console/templates/error_page.js.erb within layouts/javascript (1.5ms)
  Rendered /Users/drew/.rvm/gems/ruby-2.2.4/gems/web-console-2.3.0/lib/web_console/templates/index.html.erb (159.4ms)


Started GET "/animals" for ::1 at 2016-04-18 20:21:47 -0600
  [1m[36mActiveRecord::SchemaMigration Load (0.3ms)[0m  [1mSELECT "schema_migrations".* FROM "schema_migrations"[0m
Processing by AnimalsController#index as HTML
  [1m[35mAnimal Load (0.6ms)[0m  SELECT "animals".* FROM "animals"
  Rendered animals/index.html.erb within layouts/application (16.8ms)
Completed 500 Internal Server Error in 197ms (ActiveRecord: 2.9ms)

ActionView::Template::Error (undefined method `values' for nil:NilClass):
     7:   <%= csrf_meta_tags %>
     8: </head>
     9: <body>
    10:   Cart: <%= @cart.total %>
    11:   <% flash.each do |type, message| %>
    12:     <%= content_tag :div, message, class: "flash_#{type}" %>
    13:   <% end %>
  app/models/cart.rb:22:in `total'
  app/views/layouts/application.html.erb:10:in `_app_views_layouts_application_html_erb___2189688882029665493_70363817909900'


  Rendered /Users/drew/.rvm/gems/ruby-2.2.4/gems/actionpack-4.2.6/lib/action_dispatch/middleware/templates/rescues/_source.erb (10.7ms)
  Rendered /Users/drew/.rvm/gems/ruby-2.2.4/gems/actionpack-4.2.6/lib/action_dispatch/middleware/templates/rescues/_trace.html.erb (4.2ms)
  Rendered /Users/drew/.rvm/gems/ruby-2.2.4/gems/actionpack-4.2.6/lib/action_dispatch/middleware/templates/rescues/_request_and_response.html.erb (2.2ms)
  Rendered /Users/drew/.rvm/gems/ruby-2.2.4/gems/actionpack-4.2.6/lib/action_dispatch/middleware/templates/rescues/template_error.html.erb within rescues/layout (55.5ms)
  Rendered /Users/drew/.rvm/gems/ruby-2.2.4/gems/web-console-2.3.0/lib/web_console/templates/_markup.html.erb (1.0ms)
  Rendered /Users/drew/.rvm/gems/ruby-2.2.4/gems/web-console-2.3.0/lib/web_console/templates/_inner_console_markup.html.erb within layouts/inlined_string (0.6ms)
  Rendered /Users/drew/.rvm/gems/ruby-2.2.4/gems/web-console-2.3.0/lib/web_console/templates/_prompt_box_markup.html.erb within layouts/inlined_string (0.3ms)
  Rendered /Users/drew/.rvm/gems/ruby-2.2.4/gems/web-console-2.3.0/lib/web_console/templates/style.css.erb within layouts/inlined_string (0.3ms)
  Rendered /Users/drew/.rvm/gems/ruby-2.2.4/gems/web-console-2.3.0/lib/web_console/templates/console.js.erb within layouts/javascript (48.8ms)
  Rendered /Users/drew/.rvm/gems/ruby-2.2.4/gems/web-console-2.3.0/lib/web_console/templates/main.js.erb within layouts/javascript (0.2ms)
  Rendered /Users/drew/.rvm/gems/ruby-2.2.4/gems/web-console-2.3.0/lib/web_console/templates/error_page.js.erb within layouts/javascript (0.4ms)
  Rendered /Users/drew/.rvm/gems/ruby-2.2.4/gems/web-console-2.3.0/lib/web_console/templates/index.html.erb (102.0ms)


Started GET "/" for ::1 at 2016-04-18 20:22:32 -0600
Processing by AnimalsController#index as HTML
  [1m[36mAnimal Load (0.3ms)[0m  [1mSELECT "animals".* FROM "animals"[0m
  Rendered animals/index.html.erb within layouts/application (17.1ms)
Completed 500 Internal Server Error in 33ms (ActiveRecord: 1.8ms)

ActionView::Template::Error (undefined method `values' for nil:NilClass):
     7:   <%= csrf_meta_tags %>
     8: </head>
     9: <body>
    10:   Cart: <%= @cart.total %>
    11:   <% flash.each do |type, message| %>
    12:     <%= content_tag :div, message, class: "flash_#{type}" %>
    13:   <% end %>
  app/models/cart.rb:22:in `total'
  app/views/layouts/application.html.erb:10:in `_app_views_layouts_application_html_erb___2189688882029665493_70363817909900'


  Rendered /Users/drew/.rvm/gems/ruby-2.2.4/gems/actionpack-4.2.6/lib/action_dispatch/middleware/templates/rescues/_source.erb (4.4ms)
  Rendered /Users/drew/.rvm/gems/ruby-2.2.4/gems/actionpack-4.2.6/lib/action_dispatch/middleware/templates/rescues/_trace.html.erb (2.1ms)
  Rendered /Users/drew/.rvm/gems/ruby-2.2.4/gems/actionpack-4.2.6/lib/action_dispatch/middleware/templates/rescues/_request_and_response.html.erb (0.8ms)
  Rendered /Users/drew/.rvm/gems/ruby-2.2.4/gems/actionpack-4.2.6/lib/action_dispatch/middleware/templates/rescues/template_error.html.erb within rescues/layout (43.9ms)
  Rendered /Users/drew/.rvm/gems/ruby-2.2.4/gems/web-console-2.3.0/lib/web_console/templates/_markup.html.erb (0.4ms)
  Rendered /Users/drew/.rvm/gems/ruby-2.2.4/gems/web-console-2.3.0/lib/web_console/templates/_inner_console_markup.html.erb within layouts/inlined_string (0.3ms)
  Rendered /Users/drew/.rvm/gems/ruby-2.2.4/gems/web-console-2.3.0/lib/web_console/templates/_prompt_box_markup.html.erb within layouts/inlined_string (0.2ms)
  Rendered /Users/drew/.rvm/gems/ruby-2.2.4/gems/web-console-2.3.0/lib/web_console/templates/style.css.erb within layouts/inlined_string (0.3ms)
  Rendered /Users/drew/.rvm/gems/ruby-2.2.4/gems/web-console-2.3.0/lib/web_console/templates/console.js.erb within layouts/javascript (36.0ms)
  Rendered /Users/drew/.rvm/gems/ruby-2.2.4/gems/web-console-2.3.0/lib/web_console/templates/main.js.erb within layouts/javascript (0.2ms)
  Rendered /Users/drew/.rvm/gems/ruby-2.2.4/gems/web-console-2.3.0/lib/web_console/templates/error_page.js.erb within layouts/javascript (0.3ms)
  Rendered /Users/drew/.rvm/gems/ruby-2.2.4/gems/web-console-2.3.0/lib/web_console/templates/index.html.erb (81.4ms)


Started GET "/" for ::1 at 2016-04-18 20:24:29 -0600
Processing by AnimalsController#index as HTML
  [1m[35mAnimal Load (0.3ms)[0m  SELECT "animals".* FROM "animals"
  Rendered animals/index.html.erb within layouts/application (8.6ms)
Completed 500 Internal Server Error in 23ms (ActiveRecord: 1.6ms)

ActionView::Template::Error (undefined method `values' for nil:NilClass):
     7:   <%= csrf_meta_tags %>
     8: </head>
     9: <body>
    10:   Cart: <%= @cart.total %>
    11:   <% flash.each do |type, message| %>
    12:     <%= content_tag :div, message, class: "flash_#{type}" %>
    13:   <% end %>
  app/models/cart.rb:23:in `total'
  app/views/layouts/application.html.erb:10:in `_app_views_layouts_application_html_erb___2189688882029665493_70363817909900'


  Rendered /Users/drew/.rvm/gems/ruby-2.2.4/gems/actionpack-4.2.6/lib/action_dispatch/middleware/templates/rescues/_source.erb (7.2ms)
  Rendered /Users/drew/.rvm/gems/ruby-2.2.4/gems/actionpack-4.2.6/lib/action_dispatch/middleware/templates/rescues/_trace.html.erb (2.0ms)
  Rendered /Users/drew/.rvm/gems/ruby-2.2.4/gems/actionpack-4.2.6/lib/action_dispatch/middleware/templates/rescues/_request_and_response.html.erb (0.9ms)
  Rendered /Users/drew/.rvm/gems/ruby-2.2.4/gems/actionpack-4.2.6/lib/action_dispatch/middleware/templates/rescues/template_error.html.erb within rescues/layout (47.7ms)
  Rendered /Users/drew/.rvm/gems/ruby-2.2.4/gems/web-console-2.3.0/lib/web_console/templates/_markup.html.erb (0.3ms)
  Rendered /Users/drew/.rvm/gems/ruby-2.2.4/gems/web-console-2.3.0/lib/web_console/templates/_inner_console_markup.html.erb within layouts/inlined_string (0.2ms)
  Rendered /Users/drew/.rvm/gems/ruby-2.2.4/gems/web-console-2.3.0/lib/web_console/templates/_prompt_box_markup.html.erb within layouts/inlined_string (0.2ms)
  Rendered /Users/drew/.rvm/gems/ruby-2.2.4/gems/web-console-2.3.0/lib/web_console/templates/style.css.erb within layouts/inlined_string (0.2ms)
  Rendered /Users/drew/.rvm/gems/ruby-2.2.4/gems/web-console-2.3.0/lib/web_console/templates/console.js.erb within layouts/javascript (33.9ms)
  Rendered /Users/drew/.rvm/gems/ruby-2.2.4/gems/web-console-2.3.0/lib/web_console/templates/main.js.erb within layouts/javascript (0.2ms)
  Rendered /Users/drew/.rvm/gems/ruby-2.2.4/gems/web-console-2.3.0/lib/web_console/templates/error_page.js.erb within layouts/javascript (0.4ms)
  Rendered /Users/drew/.rvm/gems/ruby-2.2.4/gems/web-console-2.3.0/lib/web_console/templates/index.html.erb (76.9ms)


Started GET "/" for ::1 at 2016-04-18 20:25:33 -0600
  [1m[36mActiveRecord::SchemaMigration Load (0.3ms)[0m  [1mSELECT "schema_migrations".* FROM "schema_migrations"[0m
Processing by AnimalsController#index as HTML
  [1m[35mAnimal Load (0.5ms)[0m  SELECT "animals".* FROM "animals"
  Rendered animals/index.html.erb within layouts/application (13.2ms)
Completed 500 Internal Server Error in 251ms (ActiveRecord: 2.7ms)

ActionView::Template::Error (undefined method `values' for nil:NilClass):
     7:   <%= csrf_meta_tags %>
     8: </head>
     9: <body>
    10:   Cart: <%= @cart.total %>
    11:   <% flash.each do |type, message| %>
    12:     <%= content_tag :div, message, class: "flash_#{type}" %>
    13:   <% end %>
  app/models/cart.rb:22:in `total'
  app/views/layouts/application.html.erb:10:in `_app_views_layouts_application_html_erb__2694019918161545050_70176514788980'


  Rendered /Users/drew/.rvm/gems/ruby-2.2.4/gems/actionpack-4.2.6/lib/action_dispatch/middleware/templates/rescues/_source.erb (4.1ms)
  Rendered /Users/drew/.rvm/gems/ruby-2.2.4/gems/actionpack-4.2.6/lib/action_dispatch/middleware/templates/rescues/_trace.html.erb (1.9ms)
  Rendered /Users/drew/.rvm/gems/ruby-2.2.4/gems/actionpack-4.2.6/lib/action_dispatch/middleware/templates/rescues/_request_and_response.html.erb (0.7ms)
  Rendered /Users/drew/.rvm/gems/ruby-2.2.4/gems/actionpack-4.2.6/lib/action_dispatch/middleware/templates/rescues/template_error.html.erb within rescues/layout (42.4ms)
  Rendered /Users/drew/.rvm/gems/ruby-2.2.4/gems/web-console-2.3.0/lib/web_console/templates/_markup.html.erb (0.3ms)
  Rendered /Users/drew/.rvm/gems/ruby-2.2.4/gems/web-console-2.3.0/lib/web_console/templates/_inner_console_markup.html.erb within layouts/inlined_string (0.2ms)
  Rendered /Users/drew/.rvm/gems/ruby-2.2.4/gems/web-console-2.3.0/lib/web_console/templates/_prompt_box_markup.html.erb within layouts/inlined_string (0.2ms)
  Rendered /Users/drew/.rvm/gems/ruby-2.2.4/gems/web-console-2.3.0/lib/web_console/templates/style.css.erb within layouts/inlined_string (0.3ms)
  Rendered /Users/drew/.rvm/gems/ruby-2.2.4/gems/web-console-2.3.0/lib/web_console/templates/console.js.erb within layouts/javascript (40.4ms)
  Rendered /Users/drew/.rvm/gems/ruby-2.2.4/gems/web-console-2.3.0/lib/web_console/templates/main.js.erb within layouts/javascript (0.3ms)
  Rendered /Users/drew/.rvm/gems/ruby-2.2.4/gems/web-console-2.3.0/lib/web_console/templates/error_page.js.erb within layouts/javascript (0.3ms)
  Rendered /Users/drew/.rvm/gems/ruby-2.2.4/gems/web-console-2.3.0/lib/web_console/templates/index.html.erb (87.5ms)


Started GET "/" for ::1 at 2016-04-18 20:26:00 -0600
Processing by AnimalsController#index as HTML
  [1m[36mAnimal Load (0.3ms)[0m  [1mSELECT "animals".* FROM "animals"[0m
  Rendered animals/index.html.erb within layouts/application (8.5ms)
Completed 500 Internal Server Error in 70030ms (ActiveRecord: 1.5ms)

ActionView::Template::Error (undefined method `values' for nil:NilClass):
     7:   <%= csrf_meta_tags %>
     8: </head>
     9: <body>
    10:   Cart: <%= @cart.total %>
    11:   <% flash.each do |type, message| %>
    12:     <%= content_tag :div, message, class: "flash_#{type}" %>
    13:   <% end %>
  app/models/cart.rb:23:in `total'
  app/views/layouts/application.html.erb:10:in `_app_views_layouts_application_html_erb__2694019918161545050_70176514788980'


  Rendered /Users/drew/.rvm/gems/ruby-2.2.4/gems/actionpack-4.2.6/lib/action_dispatch/middleware/templates/rescues/_source.erb (4.7ms)
  Rendered /Users/drew/.rvm/gems/ruby-2.2.4/gems/actionpack-4.2.6/lib/action_dispatch/middleware/templates/rescues/_trace.html.erb (2.5ms)
  Rendered /Users/drew/.rvm/gems/ruby-2.2.4/gems/actionpack-4.2.6/lib/action_dispatch/middleware/templates/rescues/_request_and_response.html.erb (0.7ms)
  Rendered /Users/drew/.rvm/gems/ruby-2.2.4/gems/actionpack-4.2.6/lib/action_dispatch/middleware/templates/rescues/template_error.html.erb within rescues/layout (45.7ms)
  Rendered /Users/drew/.rvm/gems/ruby-2.2.4/gems/web-console-2.3.0/lib/web_console/templates/_markup.html.erb (0.4ms)
  Rendered /Users/drew/.rvm/gems/ruby-2.2.4/gems/web-console-2.3.0/lib/web_console/templates/_inner_console_markup.html.erb within layouts/inlined_string (0.2ms)
  Rendered /Users/drew/.rvm/gems/ruby-2.2.4/gems/web-console-2.3.0/lib/web_console/templates/_prompt_box_markup.html.erb within layouts/inlined_string (0.2ms)
  Rendered /Users/drew/.rvm/gems/ruby-2.2.4/gems/web-console-2.3.0/lib/web_console/templates/style.css.erb within layouts/inlined_string (0.3ms)
  Rendered /Users/drew/.rvm/gems/ruby-2.2.4/gems/web-console-2.3.0/lib/web_console/templates/console.js.erb within layouts/javascript (36.8ms)
  Rendered /Users/drew/.rvm/gems/ruby-2.2.4/gems/web-console-2.3.0/lib/web_console/templates/main.js.erb within layouts/javascript (0.3ms)
  Rendered /Users/drew/.rvm/gems/ruby-2.2.4/gems/web-console-2.3.0/lib/web_console/templates/error_page.js.erb within layouts/javascript (0.3ms)
  Rendered /Users/drew/.rvm/gems/ruby-2.2.4/gems/web-console-2.3.0/lib/web_console/templates/index.html.erb (81.5ms)


Started GET "/" for ::1 at 2016-04-18 20:27:36 -0600
  [1m[36mActiveRecord::SchemaMigration Load (0.3ms)[0m  [1mSELECT "schema_migrations".* FROM "schema_migrations"[0m
Processing by AnimalsController#index as HTML
  [1m[35mAnimal Load (0.5ms)[0m  SELECT "animals".* FROM "animals"
  Rendered animals/index.html.erb within layouts/application (12.7ms)
Completed 200 OK in 247ms (Views: 234.6ms | ActiveRecord: 2.3ms)


Started GET "/assets/application.self-e80e8f2318043e8af94dddc2adad5a4f09739a8ebb323b3ab31cd71d45fd9113.css?body=1" for ::1 at 2016-04-18 20:27:37 -0600


Started GET "/assets/jquery.self-660adc51e0224b731d29f575a6f1ec167ba08ad06ed5deca4f1e8654c135bf4c.js?body=1" for ::1 at 2016-04-18 20:27:37 -0600


Started GET "/assets/jquery_ujs.self-e87806d0cf4489aeb1bb7288016024e8de67fd18db693fe026fe3907581e53cd.js?body=1" for ::1 at 2016-04-18 20:27:37 -0600


Started GET "/assets/application.self-377610cd7c1509e934744c810e3b4cf672dfbcacac3274e7d039827e2ae0fcc7.js?body=1" for ::1 at 2016-04-18 20:27:37 -0600


Started GET "/" for ::1 at 2016-04-18 20:27:44 -0600
Processing by AnimalsController#index as HTML
  [1m[36mAnimal Load (0.4ms)[0m  [1mSELECT "animals".* FROM "animals"[0m
  Rendered animals/index.html.erb within layouts/application (1.7ms)
Completed 200 OK in 13ms (Views: 11.5ms | ActiveRecord: 0.4ms)


Started GET "/assets/application.self-e80e8f2318043e8af94dddc2adad5a4f09739a8ebb323b3ab31cd71d45fd9113.css?body=1" for ::1 at 2016-04-18 20:27:44 -0600


Started GET "/assets/jquery_ujs.self-e87806d0cf4489aeb1bb7288016024e8de67fd18db693fe026fe3907581e53cd.js?body=1" for ::1 at 2016-04-18 20:27:44 -0600


Started GET "/assets/application.self-377610cd7c1509e934744c810e3b4cf672dfbcacac3274e7d039827e2ae0fcc7.js?body=1" for ::1 at 2016-04-18 20:27:44 -0600


Started GET "/assets/jquery.self-660adc51e0224b731d29f575a6f1ec167ba08ad06ed5deca4f1e8654c135bf4c.js?body=1" for ::1 at 2016-04-18 20:27:44 -0600


Started POST "/cart_animals?animal_id=2" for ::1 at 2016-04-18 20:27:46 -0600
Processing by CartAnimalsController#create as HTML
  Parameters: {"authenticity_token"=>"xdFCG3AeFHD5Wk7I47OrIl5Fnysoj++QagkWthuFX7dngMSD1aBUhc6ddWQdMO3+X8M5NFZku+mS5DR0pGd0Lg==", "animal_id"=>"2"}
  [1m[35mAnimal Load (0.3ms)[0m  SELECT  "animals".* FROM "animals" WHERE "animals"."id" = $1 LIMIT 1  [["id", 2]]
Completed 500 Internal Server Error in 13ms (ActiveRecord: 0.5ms)

NoMethodError (undefined method `[]' for nil:NilClass):
  app/models/cart.rb:10:in `add_animal'
  app/controllers/cart_animals_controller.rb:6:in `create'


  Rendered /Users/drew/.rvm/gems/ruby-2.2.4/gems/actionpack-4.2.6/lib/action_dispatch/middleware/templates/rescues/_source.erb (3.4ms)
  Rendered /Users/drew/.rvm/gems/ruby-2.2.4/gems/actionpack-4.2.6/lib/action_dispatch/middleware/templates/rescues/_trace.html.erb (1.5ms)
  Rendered /Users/drew/.rvm/gems/ruby-2.2.4/gems/actionpack-4.2.6/lib/action_dispatch/middleware/templates/rescues/_request_and_response.html.erb (0.7ms)
  Rendered /Users/drew/.rvm/gems/ruby-2.2.4/gems/actionpack-4.2.6/lib/action_dispatch/middleware/templates/rescues/diagnostics.html.erb within rescues/layout (40.7ms)
  Rendered /Users/drew/.rvm/gems/ruby-2.2.4/gems/web-console-2.3.0/lib/web_console/templates/_markup.html.erb (0.5ms)
  Rendered /Users/drew/.rvm/gems/ruby-2.2.4/gems/web-console-2.3.0/lib/web_console/templates/_inner_console_markup.html.erb within layouts/inlined_string (0.2ms)
  Rendered /Users/drew/.rvm/gems/ruby-2.2.4/gems/web-console-2.3.0/lib/web_console/templates/_prompt_box_markup.html.erb within layouts/inlined_string (0.2ms)
  Rendered /Users/drew/.rvm/gems/ruby-2.2.4/gems/web-console-2.3.0/lib/web_console/templates/style.css.erb within layouts/inlined_string (0.3ms)
  Rendered /Users/drew/.rvm/gems/ruby-2.2.4/gems/web-console-2.3.0/lib/web_console/templates/console.js.erb within layouts/javascript (39.0ms)
  Rendered /Users/drew/.rvm/gems/ruby-2.2.4/gems/web-console-2.3.0/lib/web_console/templates/main.js.erb within layouts/javascript (0.3ms)
  Rendered /Users/drew/.rvm/gems/ruby-2.2.4/gems/web-console-2.3.0/lib/web_console/templates/error_page.js.erb within layouts/javascript (0.4ms)
  Rendered /Users/drew/.rvm/gems/ruby-2.2.4/gems/web-console-2.3.0/lib/web_console/templates/index.html.erb (86.2ms)


Started GET "/" for ::1 at 2016-04-18 20:28:28 -0600
Processing by AnimalsController#index as HTML
  [1m[36mAnimal Load (0.4ms)[0m  [1mSELECT "animals".* FROM "animals"[0m
  Rendered animals/index.html.erb within layouts/application (9.7ms)
Completed 200 OK in 82753ms (Views: 18.7ms | ActiveRecord: 1.8ms)


Started GET "/assets/application.self-e80e8f2318043e8af94dddc2adad5a4f09739a8ebb323b3ab31cd71d45fd9113.css?body=1" for ::1 at 2016-04-18 20:29:50 -0600


Started GET "/assets/jquery.self-660adc51e0224b731d29f575a6f1ec167ba08ad06ed5deca4f1e8654c135bf4c.js?body=1" for ::1 at 2016-04-18 20:29:50 -0600


Started GET "/assets/jquery_ujs.self-e87806d0cf4489aeb1bb7288016024e8de67fd18db693fe026fe3907581e53cd.js?body=1" for ::1 at 2016-04-18 20:29:50 -0600


Started GET "/assets/application.self-377610cd7c1509e934744c810e3b4cf672dfbcacac3274e7d039827e2ae0fcc7.js?body=1" for ::1 at 2016-04-18 20:29:50 -0600


Started POST "/cart_animals?animal_id=1" for ::1 at 2016-04-18 20:29:58 -0600
Processing by CartAnimalsController#create as HTML
  Parameters: {"authenticity_token"=>"yr7q44iWBmgwnuLnob0rvEt1iWkpeig4LDKA674brY1o72x7LShGnQdZ2UtfPm1gSvMvdleRfEHU36IpAfmGFA==", "animal_id"=>"1"}
  [1m[35mAnimal Load (0.2ms)[0m  SELECT  "animals".* FROM "animals" WHERE "animals"."id" = $1 LIMIT 1  [["id", 1]]
Redirected to http://localhost:3000/
Completed 302 Found in 14ms (ActiveRecord: 1.8ms)


Started GET "/" for ::1 at 2016-04-18 20:29:58 -0600
Processing by AnimalsController#index as HTML
  [1m[36mAnimal Load (0.3ms)[0m  [1mSELECT "animals".* FROM "animals"[0m
  Rendered animals/index.html.erb within layouts/application (2.2ms)
Completed 200 OK in 15ms (Views: 13.6ms | ActiveRecord: 0.3ms)


Started POST "/cart_animals?animal_id=1" for ::1 at 2016-04-18 20:30:00 -0600
Processing by CartAnimalsController#create as HTML
  Parameters: {"authenticity_token"=>"g/V9E0BM+85zwRMuKP3tvoheClSj2SvPI6Fd1NyuwkYhpPuL5fK7O0QGKILWfqtiidisS90yf7bbTH8WY0zp3w==", "animal_id"=>"1"}
  [1m[35mAnimal Load (0.3ms)[0m  SELECT  "animals".* FROM "animals" WHERE "animals"."id" = $1 LIMIT 1  [["id", 1]]
Redirected to http://localhost:3000/
Completed 302 Found in 2ms (ActiveRecord: 0.3ms)


Started GET "/" for ::1 at 2016-04-18 20:30:00 -0600
Processing by AnimalsController#index as HTML
  [1m[36mAnimal Load (0.2ms)[0m  [1mSELECT "animals".* FROM "animals"[0m
  Rendered animals/index.html.erb within layouts/application (1.3ms)
Completed 200 OK in 10ms (Views: 9.7ms | ActiveRecord: 0.2ms)


Started POST "/cart_animals?animal_id=2" for ::1 at 2016-04-18 20:30:01 -0600
Processing by CartAnimalsController#create as HTML
  Parameters: {"authenticity_token"=>"NZbtyEW2Kl8Q0div9dY9opNMSAyYJ25PrzXGnRwhSF2Xx2tQ4AhqqicW4wMLVXt+ksruE+bMOjZX2ORfo8NjxA==", "animal_id"=>"2"}
  [1m[35mAnimal Load (0.3ms)[0m  SELECT  "animals".* FROM "animals" WHERE "animals"."id" = $1 LIMIT 1  [["id", 2]]
Redirected to http://localhost:3000/
Completed 302 Found in 2ms (ActiveRecord: 0.3ms)


Started GET "/" for ::1 at 2016-04-18 20:30:01 -0600
Processing by AnimalsController#index as HTML
  [1m[36mAnimal Load (0.2ms)[0m  [1mSELECT "animals".* FROM "animals"[0m
  Rendered animals/index.html.erb within layouts/application (1.0ms)
Completed 200 OK in 10ms (Views: 9.4ms | ActiveRecord: 0.2ms)


Started POST "/cart_animals?animal_id=2" for ::1 at 2016-04-18 20:30:03 -0600
Processing by CartAnimalsController#create as HTML
  Parameters: {"authenticity_token"=>"hq5bCLPu9I6ETyez/c/FqydNFU6Yd+ZBgjL2B9+siBsk/92QFlC0e7OIHB8DTIN3JsuzUeacsjh639TFYE6jgg==", "animal_id"=>"2"}
  [1m[35mAnimal Load (0.2ms)[0m  SELECT  "animals".* FROM "animals" WHERE "animals"."id" = $1 LIMIT 1  [["id", 2]]
Redirected to http://localhost:3000/
Completed 302 Found in 1ms (ActiveRecord: 0.2ms)


Started GET "/" for ::1 at 2016-04-18 20:30:03 -0600
Processing by AnimalsController#index as HTML
  [1m[36mAnimal Load (0.3ms)[0m  [1mSELECT "animals".* FROM "animals"[0m
  Rendered animals/index.html.erb within layouts/application (1.4ms)
Completed 200 OK in 12ms (Views: 10.8ms | ActiveRecord: 0.3ms)


Started POST "/cart_animals?animal_id=2" for ::1 at 2016-04-18 20:30:03 -0600
Processing by CartAnimalsController#create as HTML
  Parameters: {"authenticity_token"=>"Hu6iuYHVFV8INWfq6E4+vyJ81q2Non8F0FXmBzCufB68vyQhJGtVqj/yXEYWzXhjI/pwsvNJK3wouMTFj0xXhw==", "animal_id"=>"2"}
  [1m[35mAnimal Load (0.2ms)[0m  SELECT  "animals".* FROM "animals" WHERE "animals"."id" = $1 LIMIT 1  [["id", 2]]
Redirected to http://localhost:3000/
Completed 302 Found in 1ms (ActiveRecord: 0.2ms)


Started GET "/" for ::1 at 2016-04-18 20:30:03 -0600
Processing by AnimalsController#index as HTML
  [1m[36mAnimal Load (0.2ms)[0m  [1mSELECT "animals".* FROM "animals"[0m
  Rendered animals/index.html.erb within layouts/application (1.4ms)
Completed 200 OK in 10ms (Views: 9.6ms | ActiveRecord: 0.2ms)


Started POST "/cart_animals?animal_id=2" for ::1 at 2016-04-18 20:30:03 -0600
Processing by CartAnimalsController#create as HTML
  Parameters: {"authenticity_token"=>"3nUwi2EZSJ53auLnVk85L+SnfkCsSwDBWumJvQaIk/h8JLYTxKcIa0Ct2UuozH/z5SHYX9KgVLiiBKt/uWq4YQ==", "animal_id"=>"2"}
  [1m[35mAnimal Load (0.1ms)[0m  SELECT  "animals".* FROM "animals" WHERE "animals"."id" = $1 LIMIT 1  [["id", 2]]
Redirected to http://localhost:3000/
Completed 302 Found in 1ms (ActiveRecord: 0.1ms)


Started GET "/" for ::1 at 2016-04-18 20:30:03 -0600
Processing by AnimalsController#index as HTML
  [1m[36mAnimal Load (0.2ms)[0m  [1mSELECT "animals".* FROM "animals"[0m
  Rendered animals/index.html.erb within layouts/application (1.2ms)
Completed 200 OK in 10ms (Views: 9.4ms | ActiveRecord: 0.2ms)


Started POST "/cart_animals?animal_id=2" for ::1 at 2016-04-18 20:30:03 -0600
Processing by CartAnimalsController#create as HTML
  Parameters: {"authenticity_token"=>"vhVYHRN7hIaDzhyh0GL7JeIaFOzxyLDXRxSLuNQ/bRccRN6FtsXEc7QJJw0u4b3545yy848j5K6/+al6a91Gjg==", "animal_id"=>"2"}
  [1m[35mAnimal Load (0.2ms)[0m  SELECT  "animals".* FROM "animals" WHERE "animals"."id" = $1 LIMIT 1  [["id", 2]]
Redirected to http://localhost:3000/
Completed 302 Found in 1ms (ActiveRecord: 0.2ms)


Started GET "/" for ::1 at 2016-04-18 20:30:03 -0600
Processing by AnimalsController#index as HTML
  [1m[36mAnimal Load (0.2ms)[0m  [1mSELECT "animals".* FROM "animals"[0m
  Rendered animals/index.html.erb within layouts/application (1.2ms)
Completed 200 OK in 10ms (Views: 9.6ms | ActiveRecord: 0.2ms)


Started POST "/cart_animals?animal_id=2" for ::1 at 2016-04-18 20:30:04 -0600
Processing by CartAnimalsController#create as HTML
  Parameters: {"authenticity_token"=>"WFe+qoeDRBwzr0H7EQLILkFZwuufWpjm6CMxQZJ0mCH6BjgyIj0E6QRoelfvgY7yQN9k9OGxzJ8QzhODLZazuA==", "animal_id"=>"2"}
  [1m[35mAnimal Load (0.1ms)[0m  SELECT  "animals".* FROM "animals" WHERE "animals"."id" = $1 LIMIT 1  [["id", 2]]
Redirected to http://localhost:3000/
Completed 302 Found in 1ms (ActiveRecord: 0.1ms)


Started GET "/" for ::1 at 2016-04-18 20:30:04 -0600
Processing by AnimalsController#index as HTML
  [1m[36mAnimal Load (0.2ms)[0m  [1mSELECT "animals".* FROM "animals"[0m
  Rendered animals/index.html.erb within layouts/application (1.2ms)
Completed 200 OK in 10ms (Views: 9.5ms | ActiveRecord: 0.2ms)


Started POST "/cart_animals?animal_id=1" for ::1 at 2016-04-18 20:30:05 -0600
Processing by CartAnimalsController#create as HTML
  Parameters: {"authenticity_token"=>"M97vwhDNNS/ltSxEjrUMcpqzF5p762jDeDIjdy8/qkGRj2latXN12tJyF+hwNkqumzWxhQUAPLqA3wG1kN2B2A==", "animal_id"=>"1"}
  [1m[35mAnimal Load (0.2ms)[0m  SELECT  "animals".* FROM "animals" WHERE "animals"."id" = $1 LIMIT 1  [["id", 1]]
Redirected to http://localhost:3000/
Completed 302 Found in 1ms (ActiveRecord: 0.2ms)


Started GET "/" for ::1 at 2016-04-18 20:30:05 -0600
Processing by AnimalsController#index as HTML
  [1m[36mAnimal Load (0.2ms)[0m  [1mSELECT "animals".* FROM "animals"[0m
  Rendered animals/index.html.erb within layouts/application (1.2ms)
Completed 200 OK in 10ms (Views: 9.5ms | ActiveRecord: 0.2ms)


Started GET "/accessories" for ::1 at 2016-04-18 20:31:15 -0600
Processing by AccessoriesController#index as HTML
  [1m[35mAccessory Load (0.4ms)[0m  SELECT "accessories".* FROM "accessories"
  Rendered accessories/index.html.erb within layouts/application (5.1ms)
Completed 200 OK in 17ms (Views: 13.9ms | ActiveRecord: 1.1ms)


Started GET "/accessories" for ::1 at 2016-04-18 20:32:05 -0600
Processing by AccessoriesController#index as HTML
  [1m[36mAccessory Load (0.2ms)[0m  [1mSELECT "accessories".* FROM "accessories"[0m
  Rendered accessories/index.html.erb within layouts/application (1.7ms)
Completed 200 OK in 11ms (Views: 9.7ms | ActiveRecord: 0.2ms)


Started GET "/assets/application.self-e80e8f2318043e8af94dddc2adad5a4f09739a8ebb323b3ab31cd71d45fd9113.css?body=1" for ::1 at 2016-04-18 20:32:05 -0600


Started GET "/assets/jquery.self-660adc51e0224b731d29f575a6f1ec167ba08ad06ed5deca4f1e8654c135bf4c.js?body=1" for ::1 at 2016-04-18 20:32:05 -0600


Started GET "/assets/jquery_ujs.self-e87806d0cf4489aeb1bb7288016024e8de67fd18db693fe026fe3907581e53cd.js?body=1" for ::1 at 2016-04-18 20:32:05 -0600


Started GET "/assets/application.self-377610cd7c1509e934744c810e3b4cf672dfbcacac3274e7d039827e2ae0fcc7.js?body=1" for ::1 at 2016-04-18 20:32:05 -0600


Started POST "/cart_accessories?accessory_id=1" for ::1 at 2016-04-18 20:32:06 -0600
Processing by CartAccessoriesController#create as HTML
  Parameters: {"authenticity_token"=>"vuX+pnCE+7X7FWbIUAWGcAN+XD/LZ1Fwsnz508Pu+6octHg+1Tq7QMzSXWSuhsCsAvj6ILWMBQlKkdsRfAzQMw==", "accessory_id"=>"1"}
  [1m[35mAccessory Load (0.2ms)[0m  SELECT  "accessories".* FROM "accessories" WHERE "accessories"."id" = $1 LIMIT 1  [["id", 1]]
Redirected to http://localhost:3000/
Completed 302 Found in 2ms (ActiveRecord: 0.2ms)


Started GET "/" for ::1 at 2016-04-18 20:32:06 -0600
Processing by AnimalsController#index as HTML
  [1m[36mAnimal Load (0.2ms)[0m  [1mSELECT "animals".* FROM "animals"[0m
  Rendered animals/index.html.erb within layouts/application (1.2ms)
Completed 200 OK in 9ms (Views: 8.6ms | ActiveRecord: 0.2ms)


Started POST "/cart_accessories?accessory_id=1" for ::1 at 2016-04-18 20:32:22 -0600
Processing by CartAccessoriesController#create as HTML
  Parameters: {"authenticity_token"=>"vuX+pnCE+7X7FWbIUAWGcAN+XD/LZ1Fwsnz508Pu+6octHg+1Tq7QMzSXWSuhsCsAvj6ILWMBQlKkdsRfAzQMw==", "accessory_id"=>"1"}
  [1m[35mAccessory Load (0.2ms)[0m  SELECT  "accessories".* FROM "accessories" WHERE "accessories"."id" = $1 LIMIT 1  [["id", 1]]
Redirected to http://localhost:3000/accessories
Completed 302 Found in 10ms (ActiveRecord: 2.0ms)


Started GET "/accessories" for ::1 at 2016-04-18 20:32:22 -0600
Processing by AccessoriesController#index as HTML
  [1m[36mAccessory Load (0.2ms)[0m  [1mSELECT "accessories".* FROM "accessories"[0m
  Rendered accessories/index.html.erb within layouts/application (1.1ms)
Completed 200 OK in 11ms (Views: 10.3ms | ActiveRecord: 0.2ms)


Started POST "/cart_accessories?accessory_id=1" for ::1 at 2016-04-18 20:32:25 -0600
Processing by CartAccessoriesController#create as HTML
  Parameters: {"authenticity_token"=>"jP0Ov32M63mVL76XEZ87Z2aa37q2aHYC4+ANstD1IisurIgn2DKrjKLohTvvHH27Zxx5pciDInsbDS9wbxcJsg==", "accessory_id"=>"1"}
  [1m[35mAccessory Load (0.2ms)[0m  SELECT  "accessories".* FROM "accessories" WHERE "accessories"."id" = $1 LIMIT 1  [["id", 1]]
Redirected to http://localhost:3000/accessories
Completed 302 Found in 1ms (ActiveRecord: 0.2ms)


Started GET "/accessories" for ::1 at 2016-04-18 20:32:25 -0600
Processing by AccessoriesController#index as HTML
  [1m[36mAccessory Load (0.2ms)[0m  [1mSELECT "accessories".* FROM "accessories"[0m
  Rendered accessories/index.html.erb within layouts/application (1.0ms)
Completed 200 OK in 10ms (Views: 9.4ms | ActiveRecord: 0.2ms)


Started POST "/cart_accessories?accessory_id=1" for ::1 at 2016-04-18 20:32:26 -0600
Processing by CartAccessoriesController#create as HTML
  Parameters: {"authenticity_token"=>"wf0e1U1gZTqRpmItrg1sM10QRHzr+9/xZJTD8qRTe4RjrJhN6N4lz6ZhWYFQjirvXJbiY5UQi4iceeEwG7FQHQ==", "accessory_id"=>"1"}
  [1m[35mAccessory Load (0.2ms)[0m  SELECT  "accessories".* FROM "accessories" WHERE "accessories"."id" = $1 LIMIT 1  [["id", 1]]
Redirected to http://localhost:3000/accessories
Completed 302 Found in 2ms (ActiveRecord: 0.2ms)


Started GET "/accessories" for ::1 at 2016-04-18 20:32:26 -0600
Processing by AccessoriesController#index as HTML
  [1m[36mAccessory Load (0.2ms)[0m  [1mSELECT "accessories".* FROM "accessories"[0m
  Rendered accessories/index.html.erb within layouts/application (1.0ms)
Completed 200 OK in 9ms (Views: 8.3ms | ActiveRecord: 0.2ms)


Started POST "/cart_accessories?accessory_id=1" for ::1 at 2016-04-18 20:32:26 -0600
Processing by CartAccessoriesController#create as HTML
  Parameters: {"authenticity_token"=>"1vYuMNrBxK3K/jQWdJEPskql1LkpUB5D22Dc1zW1XrN0p6iof3+EWP05D7qKEkluSyNyple7Sjojjf4Vild1Kg==", "accessory_id"=>"1"}
  [1m[35mAccessory Load (0.2ms)[0m  SELECT  "accessories".* FROM "accessories" WHERE "accessories"."id" = $1 LIMIT 1  [["id", 1]]
Redirected to http://localhost:3000/accessories
Completed 302 Found in 2ms (ActiveRecord: 0.2ms)


Started GET "/accessories" for ::1 at 2016-04-18 20:32:26 -0600
Processing by AccessoriesController#index as HTML
  [1m[36mAccessory Load (0.2ms)[0m  [1mSELECT "accessories".* FROM "accessories"[0m
  Rendered accessories/index.html.erb within layouts/application (1.0ms)
Completed 200 OK in 10ms (Views: 9.2ms | ActiveRecord: 0.2ms)


Started POST "/cart_accessories?accessory_id=1" for ::1 at 2016-04-18 20:32:26 -0600
Processing by CartAccessoriesController#create as HTML
  Parameters: {"authenticity_token"=>"bS72r/Xn9wKofG2f8rcP+VikyzF4kDaV2jLFZHbMe3XPf3A3UFm395+7VjMMNEklWSJtLgZ7Yuwi3+emyS5Q7A==", "accessory_id"=>"1"}
  [1m[35mAccessory Load (0.2ms)[0m  SELECT  "accessories".* FROM "accessories" WHERE "accessories"."id" = $1 LIMIT 1  [["id", 1]]
Redirected to http://localhost:3000/accessories
Completed 302 Found in 1ms (ActiveRecord: 0.2ms)


Started GET "/accessories" for ::1 at 2016-04-18 20:32:26 -0600
Processing by AccessoriesController#index as HTML
  [1m[36mAccessory Load (0.3ms)[0m  [1mSELECT "accessories".* FROM "accessories"[0m
  Rendered accessories/index.html.erb within layouts/application (1.2ms)
Completed 200 OK in 10ms (Views: 9.6ms | ActiveRecord: 0.3ms)
